<?xml version="1.0" encoding="UTF-8"?>
<!-- Generated by org.testng.reporters.JUnitReportReporter -->
<testsuite skipped="0" hostname="ATMECSINLT-033" name="com.Phptravle.testscripts.BookingSummryTestscript" tests="5" failures="0" timestamp="17 Sep 2019 13:04:52 GMT" time="4.911" errors="0">
  <testcase name="personalDetailsInput" time="3.215" classname="com.Phptravle.testscripts.BookingSummryTestscript"/>
  <testcase name="guestInfoInput" time="0.445" classname="com.Phptravle.testscripts.BookingSummryTestscript"/>
  <testcase name="guestInfoInput" time="0.383" classname="com.Phptravle.testscripts.BookingSummryTestscript"/>
  <testcase name="guestInfoInput" time="0.431" classname="com.Phptravle.testscripts.BookingSummryTestscript"/>
  <testcase name="guestInfoInput" time="0.437" classname="com.Phptravle.testscripts.BookingSummryTestscript"/>
</testsuite> <!-- com.Phptravle.testscripts.BookingSummryTestscript -->
