<?xml version="1.0" encoding="UTF-8"?>
<!-- Generated by org.testng.reporters.JUnitReportReporter -->
<testsuite skipped="0" hostname="ATMECSINLT-033" name="com.Phptravle.testscripts.BookingSummryTestscript" tests="5" failures="0" timestamp="17 Sep 2019 12:43:14 GMT" time="3.440" errors="0">
  <testcase name="personalDetailsInput" time="1.997" classname="com.Phptravle.testscripts.BookingSummryTestscript"/>
  <testcase name="guestInfoInput" time="0.356" classname="com.Phptravle.testscripts.BookingSummryTestscript"/>
  <testcase name="guestInfoInput" time="0.339" classname="com.Phptravle.testscripts.BookingSummryTestscript"/>
  <testcase name="guestInfoInput" time="0.352" classname="com.Phptravle.testscripts.BookingSummryTestscript"/>
  <testcase name="guestInfoInput" time="0.396" classname="com.Phptravle.testscripts.BookingSummryTestscript"/>
</testsuite> <!-- com.Phptravle.testscripts.BookingSummryTestscript -->
