<?xml version="1.0" encoding="UTF-8"?>
<!-- Generated by org.testng.reporters.JUnitReportReporter -->
<testsuite skipped="0" hostname="ATMECSINLT-033" name="com.Phptravle.testscripts.BookingPageTestscript" tests="1" failures="0" timestamp="17 Sep 2019 12:43:14 GMT" time="6.368" errors="0">
  <testcase name="BookingOption" time="6.368" classname="com.Phptravle.testscripts.BookingPageTestscript"/>
</testsuite> <!-- com.Phptravle.testscripts.BookingPageTestscript -->
