<?xml version="1.0" encoding="UTF-8"?>
<!-- Generated by org.testng.reporters.JUnitReportReporter -->
<testsuite skipped="0" hostname="ATMECSINLT-033" name="com.Phptravle.testscripts.HomePageTestscript" tests="1" failures="0" timestamp="17 Sep 2019 12:43:14 GMT" time="6.724" errors="0">
  <testcase name="tourSearch" time="6.724" classname="com.Phptravle.testscripts.HomePageTestscript"/>
</testsuite> <!-- com.Phptravle.testscripts.HomePageTestscript -->
